2019-07-04 02:48:08 [127.0.0.1][-][-][error][yii\web\HttpException:404] yii\base\InvalidRouteException: Unable to resolve the request: site/ in D:\phpStudy\PHPTutorial\WWW\comlesu\vendor\yiisoft\yii2\base\Controller.php:128
Stack trace:
#0 D:\phpStudy\PHPTutorial\WWW\comlesu\vendor\yiisoft\yii2\base\Module.php(528): yii\base\Controller->runAction('', Array)
#1 D:\phpStudy\PHPTutorial\WWW\comlesu\vendor\yiisoft\yii2\web\Application.php(103): yii\base\Module->runAction('site', Array)
#2 D:\phpStudy\PHPTutorial\WWW\comlesu\vendor\yiisoft\yii2\base\Application.php(386): yii\web\Application->handleRequest(Object(yii\web\Request))
#3 D:\phpStudy\PHPTutorial\WWW\comlesu\api\web\index.php(17): yii\base\Application->run()
#4 {main}

Next yii\web\NotFoundHttpException: Page not found. in D:\phpStudy\PHPTutorial\WWW\comlesu\vendor\yiisoft\yii2\web\Application.php:115
Stack trace:
#0 D:\phpStudy\PHPTutorial\WWW\comlesu\vendor\yiisoft\yii2\base\Application.php(386): yii\web\Application->handleRequest(Object(yii\web\Request))
#1 D:\phpStudy\PHPTutorial\WWW\comlesu\api\web\index.php(17): yii\base\Application->run()
#2 {main}
2019-07-04 02:48:08 [127.0.0.1][-][-][info][application] $_GET = []

$_POST = []

$_FILES = []

$_COOKIE = []

$_SERVER = [
    'PATH' => 'C:\\Program Files\\Java\\jdk1.8.0_191\\bin;C:\\Program Files\\Java\\jdk1.8.0_191\\jre\\bin;C:\\Program Files (x86)\\Common Files\\Oracle\\Java\\javapath;C:\\Windows\\system32;C:\\Windows;C:\\Windows\\System32\\Wbem;C:\\Windows\\System32\\WindowsPowerShell\\v1.0\\;D:\\Program Files\\Git\\cmd;D:\\nodejs\\;D:\\phpStudy\\PHPTutorial\\php\\php-5.4.45;C:\\Users\\Administrator\\AppData\\Roaming\\npm'
    'SYSTEMROOT' => 'C:\\Windows'
    'COMSPEC' => 'C:\\Windows\\system32\\cmd.exe'
    'PATHEXT' => '.COM;.EXE;.BAT;.CMD;.VBS;.VBE;.JS;.JSE;.WSF;.WSH;.MSC'
    'WINDIR' => 'C:\\Windows'
    'PHP_FCGI_MAX_REQUESTS' => '1000'
    'PHPRC' => 'D:/phpStudy/PHPTutorial/php/php-7.0.12-nts/'
    '_FCGI_SHUTDOWN_EVENT_' => '1784'
    'SCRIPT_NAME' => '/index.php'
    'REQUEST_URI' => '/site'
    'QUERY_STRING' => ''
    'REQUEST_METHOD' => 'GET'
    'SERVER_PROTOCOL' => 'HTTP/1.1'
    'GATEWAY_INTERFACE' => 'CGI/1.1'
    'REDIRECT_URL' => '/site'
    'REMOTE_PORT' => '53816'
    'SCRIPT_FILENAME' => 'D:/phpStudy/PHPTutorial/WWW/comlesu/api/web/index.php'
    'SERVER_ADMIN' => 'admin@php.cn'
    'CONTEXT_DOCUMENT_ROOT' => 'D:/phpStudy/PHPTutorial/WWW/comlesu/api/web'
    'CONTEXT_PREFIX' => ''
    'REQUEST_SCHEME' => 'http'
    'DOCUMENT_ROOT' => 'D:/phpStudy/PHPTutorial/WWW/comlesu/api/web'
    'REMOTE_ADDR' => '127.0.0.1'
    'SERVER_PORT' => '80'
    'SERVER_ADDR' => '127.0.0.1'
    'SERVER_NAME' => 'api.cdn.com'
    'SERVER_SOFTWARE' => 'Apache/2.4.23 (Win32) OpenSSL/1.0.2j mod_fcgid/2.3.9'
    'SERVER_SIGNATURE' => ''
    'SystemRoot' => 'C:\\Windows'
    'HTTP_ACCEPT_LANGUAGE' => 'zh-CN,zh;q=0.9'
    'HTTP_ACCEPT_ENCODING' => 'gzip, deflate'
    'HTTP_ACCEPT' => 'text/html,application/xhtml+xml,application/xml;q=0.9,image/webp,image/apng,*/*;q=0.8,application/signed-exchange;v=b3'
    'HTTP_USER_AGENT' => 'Mozilla/5.0 (Windows NT 6.1; Win64; x64) AppleWebKit/537.36 (KHTML, like Gecko) Chrome/75.0.3770.100 Safari/537.36'
    'HTTP_UPGRADE_INSECURE_REQUESTS' => '1'
    'HTTP_CACHE_CONTROL' => 'max-age=0'
    'HTTP_CONNECTION' => 'close'
    'HTTP_HOST' => 'api.cdn.com'
    'REDIRECT_STATUS' => '200'
    'FCGI_ROLE' => 'RESPONDER'
    'PHP_SELF' => '/index.php'
    'REQUEST_TIME_FLOAT' => 1562208488.378
    'REQUEST_TIME' => 1562208488
]
